TN:
SF:src/application/useCases/CreateUser.ts
FN:11,CreateUser
FN:14,execute
FNF:2
FNH:2
FNDA:1,CreateUser
FNDA:1,execute
DA:1,1
DA:2,1
DA:3,1
DA:4,1
DA:5,1
DA:6,1
DA:7,1
DA:8,1
DA:9,1
DA:10,1
DA:11,1
DA:12,1
DA:13,1
DA:14,1
DA:15,1
DA:16,1
DA:17,1
DA:18,1
DA:19,1
LF:19
LH:19
BRDA:11,0,0,1
BRDA:14,1,0,1
BRDA:14,2,0,1
BRF:3
BRH:3
end_of_record
TN:
SF:src/domain/errors/errors.ts
FN:2,ObligatoryValueException
FNF:1
FNH:1
FNDA:4,ObligatoryValueException
DA:1,1
DA:2,1
DA:3,4
DA:4,4
DA:5,4
DA:6,4
DA:7,4
DA:8,4
DA:9,1
DA:10,1
DA:11,1
LF:11
LH:11
BRDA:2,0,0,4
BRF:1
BRH:1
end_of_record
TN:
SF:src/domain/model/usuario.ts
FN:13,Usuario
FN:19,create
FN:29,restore
FNF:3
FNH:2
FNDA:1,Usuario
FNDA:5,create
FNDA:0,restore
DA:1,1
DA:2,1
DA:3,1
DA:4,1
DA:5,1
DA:6,1
DA:7,1
DA:8,1
DA:9,1
DA:10,1
DA:11,1
DA:12,1
DA:13,1
DA:14,1
DA:15,1
DA:16,1
DA:17,1
DA:18,1
DA:19,1
DA:20,5
DA:21,2
DA:22,2
DA:23,5
DA:24,2
DA:25,2
DA:26,1
DA:27,1
DA:28,1
DA:29,1
DA:30,0
DA:31,0
DA:32,1
DA:33,1
DA:34,1
DA:35,1
LF:35
LH:33
BRDA:13,0,0,1
BRDA:19,1,0,5
BRDA:20,2,0,2
BRDA:23,3,0,3
BRDA:23,4,0,2
BRDA:26,5,0,1
BRF:6
BRH:6
end_of_record
TN:
SF:src/infra/database/createTables.ts
FN:3,createUserTable
FNF:1
FNH:1
FNDA:1,createUserTable
DA:1,1
DA:2,1
DA:3,1
DA:4,1
DA:5,1
DA:6,1
LF:6
LH:6
BRDA:3,0,0,1
BRF:1
BRH:1
end_of_record
TN:
SF:src/infra/database/userRepository.ts
FN:7,UserRepositoryDatabase
FN:10,createUser
FNF:2
FNH:2
FNDA:1,UserRepositoryDatabase
FNDA:1,createUser
DA:1,1
DA:2,1
DA:3,1
DA:4,1
DA:5,1
DA:6,1
DA:7,1
DA:8,1
DA:9,1
DA:10,1
DA:11,1
DA:12,1
DA:13,1
DA:14,1
DA:15,1
DA:16,1
DA:17,1
DA:18,0
DA:19,0
DA:20,1
DA:21,1
DA:22,1
DA:23,1
DA:24,1
LF:24
LH:22
BRDA:7,0,0,1
BRDA:10,1,0,1
BRDA:17,2,0,0
BRF:3
BRH:2
end_of_record
